# JRE version: Java(TM) SE Runtime Environment (8.0_151-b12) (build 1.8.0_151-b12)
# Java VM: Java HotSpot(TM) 64-Bit Server VM (25.151-b12 mixed mode windows-amd64 compressed oops)
Heap:
 PSYoungGen      total 663040K, used 53098K [0x00000000d5800000, 0x0000000100000000, 0x0000000100000000)
  eden space 662528K, 8% used [0x00000000d5800000,0x00000000d8bc28f8,0x00000000fdf00000)
  from space 512K, 18% used [0x00000000fff80000,0x00000000fff98000,0x0000000100000000)
  to   space 512K, 0% used [0x00000000fff00000,0x00000000fff00000,0x00000000fff80000)
 ParOldGen       total 89600K, used 16910K [0x0000000080800000, 0x0000000085f80000, 0x00000000d5800000)
  object space 89600K, 18% used [0x0000000080800000,0x0000000081883ab0,0x0000000085f80000)
 Metaspace       used 43089K, capacity 44124K, committed 44504K, reserved 1087488K
  class space    used 5884K, capacity 6112K, committed 6144K, reserved 1048576K
GC Heap History (10 events):
Event: 254.345 GC heap before
{Heap before GC invocations=836 (full 2):
 PSYoungGen      total 512512K, used 512064K [0x00000000d5800000, 0x0000000100000000, 0x0000000100000000)
  eden space 512000K, 100% used [0x00000000d5800000,0x00000000f4c00000,0x00000000f4c00000)
  from space 512K, 12% used [0x00000000fff00000,0x00000000fff10000,0x00000000fff80000)
  to   space 512K, 0% used [0x00000000fff80000,0x00000000fff80000,0x0000000100000000)
 ParOldGen       total 89600K, used 16902K [0x0000000080800000, 0x0000000085f80000, 0x00000000d5800000)
  object space 89600K, 18% used [0x0000000080800000,0x0000000081881ab0,0x0000000085f80000)
 Metaspace       used 43089K, capacity 44124K, committed 44504K, reserved 1087488K
  class space    used 5884K, capacity 6112K, committed 6144K, reserved 1048576K
Event: 254.347 GC heap after
Heap after GC invocations=836 (full 2):
 PSYoungGen      total 560128K, used 96K [0x00000000d5800000, 0x0000000100000000, 0x0000000100000000)
  eden space 559616K, 0% used [0x00000000d5800000,0x00000000d5800000,0x00000000f7a80000)
  from space 512K, 18% used [0x00000000fff80000,0x00000000fff98000,0x0000000100000000)
  to   space 512K, 0% used [0x00000000fff00000,0x00000000fff00000,0x00000000fff80000)
 ParOldGen       total 89600K, used 16902K [0x0000000080800000, 0x0000000085f80000, 0x00000000d5800000)
  object space 89600K, 18% used [0x0000000080800000,0x0000000081881ab0,0x0000000085f80000)
 Metaspace       used 43089K, capacity 44124K, committed 44504K, reserved 1087488K
  class space    used 5884K, capacity 6112K, committed 6144K, reserved 1048576K
}
Event: 255.119 GC heap before
{Heap before GC invocations=837 (full 2):
 PSYoungGen      total 560128K, used 559712K [0x00000000d5800000, 0x0000000100000000, 0x0000000100000000)
  eden space 559616K, 100% used [0x00000000d5800000,0x00000000f7a80000,0x00000000f7a80000)
  from space 512K, 18% used [0x00000000fff80000,0x00000000fff98000,0x0000000100000000)
  to   space 512K, 0% used [0x00000000fff00000,0x00000000fff00000,0x00000000fff80000)
 ParOldGen       total 89600K, used 16902K [0x0000000080800000, 0x0000000085f80000, 0x00000000d5800000)
  object space 89600K, 18% used [0x0000000080800000,0x0000000081881ab0,0x0000000085f80000)
 Metaspace       used 43089K, capacity 44124K, committed 44504K, reserved 1087488K
  class space    used 5884K, capacity 6112K, committed 6144K, reserved 1048576K
Event: 255.120 GC heap after
Heap after GC invocations=837 (full 2):
 PSYoungGen      total 605184K, used 32K [0x00000000d5800000, 0x0000000100000000, 0x0000000100000000)
  eden space 604672K, 0% used [0x00000000d5800000,0x00000000d5800000,0x00000000fa680000)
  from space 512K, 6% used [0x00000000fff00000,0x00000000fff08000,0x00000000fff80000)
  to   space 512K, 0% used [0x00000000fff80000,0x00000000fff80000,0x0000000100000000)
 ParOldGen       total 89600K, used 16902K [0x0000000080800000, 0x0000000085f80000, 0x00000000d5800000)
  object space 89600K, 18% used [0x0000000080800000,0x0000000081881ab0,0x0000000085f80000)
 Metaspace       used 43089K, capacity 44124K, committed 44504K, reserved 1087488K
  class space    used 5884K, capacity 6112K, committed 6144K, reserved 1048576K
}
Event: 256.054 GC heap before
{Heap before GC invocations=838 (full 2):
 PSYoungGen      total 605184K, used 604704K [0x00000000d5800000, 0x0000000100000000, 0x0000000100000000)
  eden space 604672K, 100% used [0x00000000d5800000,0x00000000fa680000,0x00000000fa680000)
  from space 512K, 6% used [0x00000000fff00000,0x00000000fff08000,0x00000000fff80000)
  to   space 512K, 0% used [0x00000000fff80000,0x00000000fff80000,0x0000000100000000)
 ParOldGen       total 89600K, used 16902K [0x0000000080800000, 0x0000000085f80000, 0x00000000d5800000)
  object space 89600K, 18% used [0x0000000080800000,0x0000000081881ab0,0x0000000085f80000)
 Metaspace       used 43089K, capacity 44124K, committed 44504K, reserved 1087488K
  class space    used 5884K, capacity 6112K, committed 6144K, reserved 1048576K
Event: 256.062 GC heap after
Heap after GC invocations=838 (full 2):
 PSYoungGen      total 651264K, used 64K [0x00000000d5800000, 0x0000000100000000, 0x0000000100000000)
  eden space 650752K, 0% used [0x00000000d5800000,0x00000000d5800000,0x00000000fd380000)
  from space 512K, 12% used [0x00000000fff80000,0x00000000fff90000,0x0000000100000000)
  to   space 512K, 0% used [0x00000000fff00000,0x00000000fff00000,0x00000000fff80000)
 ParOldGen       total 89600K, used 16910K [0x0000000080800000, 0x0000000085f80000, 0x00000000d5800000)
  object space 89600K, 18% used [0x0000000080800000,0x0000000081883ab0,0x0000000085f80000)
 Metaspace       used 43089K, capacity 44124K, committed 44504K, reserved 1087488K
  class space    used 5884K, capacity 6112K, committed 6144K, reserved 1048576K
}
Event: 257.157 GC heap before
{Heap before GC invocations=839 (full 2):
 PSYoungGen      total 651264K, used 650816K [0x00000000d5800000, 0x0000000100000000, 0x0000000100000000)
  eden space 650752K, 100% used [0x00000000d5800000,0x00000000fd380000,0x00000000fd380000)
  from space 512K, 12% used [0x00000000fff80000,0x00000000fff90000,0x0000000100000000)
  to   space 512K, 0% used [0x00000000fff00000,0x00000000fff00000,0x00000000fff80000)
 ParOldGen       total 89600K, used 16910K [0x0000000080800000, 0x0000000085f80000, 0x00000000d5800000)
  object space 89600K, 18% used [0x0000000080800000,0x0000000081883ab0,0x0000000085f80000)
 Metaspace       used 43089K, capacity 44124K, committed 44504K, reserved 1087488K
  class space    used 5884K, capacity 6112K, committed 6144K, reserved 1048576K
Event: 257.161 GC heap after
Heap after GC invocations=839 (full 2):
 PSYoungGen      total 694272K, used 64K [0x00000000d5800000, 0x0000000100000000, 0x0000000100000000)
  eden space 693760K, 0% used [0x00000000d5800000,0x00000000d5800000,0x00000000ffd80000)
  from space 512K, 12% used [0x00000000fff00000,0x00000000fff10000,0x00000000fff80000)
  to   space 512K, 0% used [0x00000000fff80000,0x00000000fff80000,0x0000000100000000)
 ParOldGen       total 89600K, used 16910K [0x0000000080800000, 0x0000000085f80000, 0x00000000d5800000)
  object space 89600K, 18% used [0x0000000080800000,0x0000000081883ab0,0x0000000085f80000)
 Metaspace       used 43089K, capacity 44124K, committed 44504K, reserved 1087488K
  class space    used 5884K, capacity 6112K, committed 6144K, reserved 1048576K
}
Event: 258.089 GC heap before
{Heap before GC invocations=840 (full 2):
 PSYoungGen      total 694272K, used 693824K [0x00000000d5800000, 0x0000000100000000, 0x0000000100000000)
  eden space 693760K, 100% used [0x00000000d5800000,0x00000000ffd80000,0x00000000ffd80000)
  from space 512K, 12% used [0x00000000fff00000,0x00000000fff10000,0x00000000fff80000)
  to   space 512K, 0% used [0x00000000fff80000,0x00000000fff80000,0x0000000100000000)
 ParOldGen       total 89600K, used 16910K [0x0000000080800000, 0x0000000085f80000, 0x00000000d5800000)
  object space 89600K, 18% used [0x0000000080800000,0x0000000081883ab0,0x0000000085f80000)
 Metaspace       used 43089K, capacity 44124K, committed 44504K, reserved 1087488K
  class space    used 5884K, capacity 6112K, committed 6144K, reserved 1048576K
Event: 258.090 GC heap after
Heap after GC invocations=840 (full 2):
 PSYoungGen      total 663040K, used 96K [0x00000000d5800000, 0x0000000100000000, 0x0000000100000000)
  eden space 662528K, 0% used [0x00000000d5800000,0x00000000d5800000,0x00000000fdf00000)
  from space 512K, 18% used [0x00000000fff80000,0x00000000fff98000,0x0000000100000000)
  to   space 512K, 0% used [0x00000000fff00000,0x00000000fff00000,0x00000000fff80000)
 ParOldGen       total 89600K, used 16910K [0x0000000080800000, 0x0000000085f80000, 0x00000000d5800000)
  object space 89600K, 18% used [0x0000000080800000,0x0000000081883ab0,0x0000000085f80000)
 Metaspace       used 43089K, capacity 44124K, committed 44504K, reserved 1087488K
  class space    used 5884K, capacity 6112K, committed 6144K, reserved 1048576K
}

