# JRE version: Java(TM) SE Runtime Environment (8.0_151-b12) (build 1.8.0_151-b12)
# Java VM: Java HotSpot(TM) 64-Bit Server VM (25.151-b12 mixed mode windows-amd64 compressed oops)
Heap:
 PSYoungGen      total 456192K, used 209708K [0x00000000d5800000, 0x0000000100000000, 0x0000000100000000)
  eden space 455680K, 46% used [0x00000000d5800000,0x00000000e24b3348,0x00000000f1500000)
  from space 512K, 18% used [0x00000000fff80000,0x00000000fff98000,0x0000000100000000)
  to   space 512K, 0% used [0x00000000fff00000,0x00000000fff00000,0x00000000fff80000)
 ParOldGen       total 95744K, used 16965K [0x0000000080800000, 0x0000000086580000, 0x00000000d5800000)
  object space 95744K, 17% used [0x0000000080800000,0x0000000081891538,0x0000000086580000)
 Metaspace       used 43471K, capacity 44562K, committed 45144K, reserved 1087488K
  class space    used 5911K, capacity 6147K, committed 6272K, reserved 1048576K
GC Heap History (10 events):
Event: 175.143 GC heap before
{Heap before GC invocations=548 (full 2):
 PSYoungGen      total 301056K, used 300576K [0x00000000d5800000, 0x0000000100000000, 0x0000000100000000)
  eden space 300544K, 100% used [0x00000000d5800000,0x00000000e7d80000,0x00000000e7d80000)
  from space 512K, 6% used [0x00000000fff00000,0x00000000fff08000,0x00000000fff80000)
  to   space 512K, 0% used [0x00000000fff80000,0x00000000fff80000,0x0000000100000000)
 ParOldGen       total 95744K, used 16965K [0x0000000080800000, 0x0000000086580000, 0x00000000d5800000)
  object space 95744K, 17% used [0x0000000080800000,0x0000000081891538,0x0000000086580000)
 Metaspace       used 43471K, capacity 44562K, committed 45144K, reserved 1087488K
  class space    used 5911K, capacity 6147K, committed 6272K, reserved 1048576K
Event: 175.177 GC heap after
Heap after GC invocations=548 (full 2):
 PSYoungGen      total 334336K, used 32K [0x00000000d5800000, 0x0000000100000000, 0x0000000100000000)
  eden space 333824K, 0% used [0x00000000d5800000,0x00000000d5800000,0x00000000e9e00000)
  from space 512K, 6% used [0x00000000fff80000,0x00000000fff88000,0x0000000100000000)
  to   space 512K, 0% used [0x00000000fff00000,0x00000000fff00000,0x00000000fff80000)
 ParOldGen       total 95744K, used 16965K [0x0000000080800000, 0x0000000086580000, 0x00000000d5800000)
  object space 95744K, 17% used [0x0000000080800000,0x0000000081891538,0x0000000086580000)
 Metaspace       used 43471K, capacity 44562K, committed 45144K, reserved 1087488K
  class space    used 5911K, capacity 6147K, committed 6272K, reserved 1048576K
}
Event: 175.624 GC heap before
{Heap before GC invocations=549 (full 2):
 PSYoungGen      total 334336K, used 333856K [0x00000000d5800000, 0x0000000100000000, 0x0000000100000000)
  eden space 333824K, 100% used [0x00000000d5800000,0x00000000e9e00000,0x00000000e9e00000)
  from space 512K, 6% used [0x00000000fff80000,0x00000000fff88000,0x0000000100000000)
  to   space 512K, 0% used [0x00000000fff00000,0x00000000fff00000,0x00000000fff80000)
 ParOldGen       total 95744K, used 16965K [0x0000000080800000, 0x0000000086580000, 0x00000000d5800000)
  object space 95744K, 17% used [0x0000000080800000,0x0000000081891538,0x0000000086580000)
 Metaspace       used 43471K, capacity 44562K, committed 45144K, reserved 1087488K
  class space    used 5911K, capacity 6147K, committed 6272K, reserved 1048576K
Event: 175.625 GC heap after
Heap after GC invocations=549 (full 2):
 PSYoungGen      total 367104K, used 96K [0x00000000d5800000, 0x0000000100000000, 0x0000000100000000)
  eden space 366592K, 0% used [0x00000000d5800000,0x00000000d5800000,0x00000000ebe00000)
  from space 512K, 18% used [0x00000000fff00000,0x00000000fff18000,0x00000000fff80000)
  to   space 512K, 0% used [0x00000000fff80000,0x00000000fff80000,0x0000000100000000)
 ParOldGen       total 95744K, used 16965K [0x0000000080800000, 0x0000000086580000, 0x00000000d5800000)
  object space 95744K, 17% used [0x0000000080800000,0x0000000081891538,0x0000000086580000)
 Metaspace       used 43471K, capacity 44562K, committed 45144K, reserved 1087488K
  class space    used 5911K, capacity 6147K, committed 6272K, reserved 1048576K
}
Event: 176.057 GC heap before
{Heap before GC invocations=550 (full 2):
 PSYoungGen      total 367104K, used 366688K [0x00000000d5800000, 0x0000000100000000, 0x0000000100000000)
  eden space 366592K, 100% used [0x00000000d5800000,0x00000000ebe00000,0x00000000ebe00000)
  from space 512K, 18% used [0x00000000fff00000,0x00000000fff18000,0x00000000fff80000)
  to   space 512K, 0% used [0x00000000fff80000,0x00000000fff80000,0x0000000100000000)
 ParOldGen       total 95744K, used 16965K [0x0000000080800000, 0x0000000086580000, 0x00000000d5800000)
  object space 95744K, 17% used [0x0000000080800000,0x0000000081891538,0x0000000086580000)
 Metaspace       used 43471K, capacity 44562K, committed 45144K, reserved 1087488K
  class space    used 5911K, capacity 6147K, committed 6272K, reserved 1048576K
Event: 176.058 GC heap after
Heap after GC invocations=550 (full 2):
 PSYoungGen      total 398848K, used 64K [0x00000000d5800000, 0x0000000100000000, 0x0000000100000000)
  eden space 398336K, 0% used [0x00000000d5800000,0x00000000d5800000,0x00000000edd00000)
  from space 512K, 12% used [0x00000000fff80000,0x00000000fff90000,0x0000000100000000)
  to   space 512K, 0% used [0x00000000fff00000,0x00000000fff00000,0x00000000fff80000)
 ParOldGen       total 95744K, used 16965K [0x0000000080800000, 0x0000000086580000, 0x00000000d5800000)
  object space 95744K, 17% used [0x0000000080800000,0x0000000081891538,0x0000000086580000)
 Metaspace       used 43471K, capacity 44562K, committed 45144K, reserved 1087488K
  class space    used 5911K, capacity 6147K, committed 6272K, reserved 1048576K
}
Event: 176.528 GC heap before
{Heap before GC invocations=551 (full 2):
 PSYoungGen      total 398848K, used 398400K [0x00000000d5800000, 0x0000000100000000, 0x0000000100000000)
  eden space 398336K, 100% used [0x00000000d5800000,0x00000000edd00000,0x00000000edd00000)
  from space 512K, 12% used [0x00000000fff80000,0x00000000fff90000,0x0000000100000000)
  to   space 512K, 0% used [0x00000000fff00000,0x00000000fff00000,0x00000000fff80000)
 ParOldGen       total 95744K, used 16965K [0x0000000080800000, 0x0000000086580000, 0x00000000d5800000)
  object space 95744K, 17% used [0x0000000080800000,0x0000000081891538,0x0000000086580000)
 Metaspace       used 43471K, capacity 44562K, committed 45144K, reserved 1087488K
  class space    used 5911K, capacity 6147K, committed 6272K, reserved 1048576K
Event: 176.529 GC heap after
Heap after GC invocations=551 (full 2):
 PSYoungGen      total 428544K, used 96K [0x00000000d5800000, 0x0000000100000000, 0x0000000100000000)
  eden space 428032K, 0% used [0x00000000d5800000,0x00000000d5800000,0x00000000efa00000)
  from space 512K, 18% used [0x00000000fff00000,0x00000000fff18000,0x00000000fff80000)
  to   space 512K, 0% used [0x00000000fff80000,0x00000000fff80000,0x0000000100000000)
 ParOldGen       total 95744K, used 16965K [0x0000000080800000, 0x0000000086580000, 0x00000000d5800000)
  object space 95744K, 17% used [0x0000000080800000,0x0000000081891538,0x0000000086580000)
 Metaspace       used 43471K, capacity 44562K, committed 45144K, reserved 1087488K
  class space    used 5911K, capacity 6147K, committed 6272K, reserved 1048576K
}
Event: 177.032 GC heap before
{Heap before GC invocations=552 (full 2):
 PSYoungGen      total 428544K, used 428128K [0x00000000d5800000, 0x0000000100000000, 0x0000000100000000)
  eden space 428032K, 100% used [0x00000000d5800000,0x00000000efa00000,0x00000000efa00000)
  from space 512K, 18% used [0x00000000fff00000,0x00000000fff18000,0x00000000fff80000)
  to   space 512K, 0% used [0x00000000fff80000,0x00000000fff80000,0x0000000100000000)
 ParOldGen       total 95744K, used 16965K [0x0000000080800000, 0x0000000086580000, 0x00000000d5800000)
  object space 95744K, 17% used [0x0000000080800000,0x0000000081891538,0x0000000086580000)
 Metaspace       used 43471K, capacity 44562K, committed 45144K, reserved 1087488K
  class space    used 5911K, capacity 6147K, committed 6272K, reserved 1048576K
Event: 177.033 GC heap after
Heap after GC invocations=552 (full 2):
 PSYoungGen      total 456192K, used 96K [0x00000000d5800000, 0x0000000100000000, 0x0000000100000000)
  eden space 455680K, 0% used [0x00000000d5800000,0x00000000d5800000,0x00000000f1500000)
  from space 512K, 18% used [0x00000000fff80000,0x00000000fff98000,0x0000000100000000)
  to   space 512K, 0% used [0x00000000fff00000,0x00000000fff00000,0x00000000fff80000)
 ParOldGen       total 95744K, used 16965K [0x0000000080800000, 0x0000000086580000, 0x00000000d5800000)
  object space 95744K, 17% used [0x0000000080800000,0x0000000081891538,0x0000000086580000)
 Metaspace       used 43471K, capacity 44562K, committed 45144K, reserved 1087488K
  class space    used 5911K, capacity 6147K, committed 6272K, reserved 1048576K
}

