# JRE version: Java(TM) SE Runtime Environment (8.0_151-b12) (build 1.8.0_151-b12)
# Java VM: Java HotSpot(TM) 64-Bit Server VM (25.151-b12 mixed mode windows-amd64 compressed oops)
Heap:
 PSYoungGen      total 294912K, used 88384K [0x00000000d5800000, 0x00000000fff80000, 0x0000000100000000)
  eden space 294400K, 30% used [0x00000000d5800000,0x00000000dae40170,0x00000000e7780000)
  from space 512K, 12% used [0x00000000fff00000,0x00000000fff10000,0x00000000fff80000)
  to   space 512K, 0% used [0x00000000ffe80000,0x00000000ffe80000,0x00000000fff00000)
 ParOldGen       total 86016K, used 17000K [0x0000000080800000, 0x0000000085c00000, 0x00000000d5800000)
  object space 86016K, 19% used [0x0000000080800000,0x000000008189a340,0x0000000085c00000)
 Metaspace       used 43085K, capacity 44132K, committed 44504K, reserved 1087488K
  class space    used 5881K, capacity 6112K, committed 6144K, reserved 1048576K
GC Heap History (10 events):
Event: 289.521 GC heap before
{Heap before GC invocations=1048 (full 2):
 PSYoungGen      total 363008K, used 362496K [0x00000000d5800000, 0x00000000fff80000, 0x0000000100000000)
  eden space 362496K, 100% used [0x00000000d5800000,0x00000000eba00000,0x00000000eba00000)
  from space 512K, 0% used [0x00000000ffe80000,0x00000000ffe80000,0x00000000fff00000)
  to   space 512K, 0% used [0x00000000fff00000,0x00000000fff00000,0x00000000fff80000)
 ParOldGen       total 86016K, used 17000K [0x0000000080800000, 0x0000000085c00000, 0x00000000d5800000)
  object space 86016K, 19% used [0x0000000080800000,0x000000008189a340,0x0000000085c00000)
 Metaspace       used 43085K, capacity 44132K, committed 44504K, reserved 1087488K
  class space    used 5881K, capacity 6112K, committed 6144K, reserved 1048576K
Event: 289.522 GC heap after
Heap after GC invocations=1048 (full 2):
 PSYoungGen      total 348160K, used 64K [0x00000000d5800000, 0x00000000fff80000, 0x0000000100000000)
  eden space 347648K, 0% used [0x00000000d5800000,0x00000000d5800000,0x00000000eab80000)
  from space 512K, 12% used [0x00000000fff00000,0x00000000fff10000,0x00000000fff80000)
  to   space 512K, 0% used [0x00000000ffe80000,0x00000000ffe80000,0x00000000fff00000)
 ParOldGen       total 86016K, used 17000K [0x0000000080800000, 0x0000000085c00000, 0x00000000d5800000)
  object space 86016K, 19% used [0x0000000080800000,0x000000008189a340,0x0000000085c00000)
 Metaspace       used 43085K, capacity 44132K, committed 44504K, reserved 1087488K
  class space    used 5881K, capacity 6112K, committed 6144K, reserved 1048576K
}
Event: 289.967 GC heap before
{Heap before GC invocations=1049 (full 2):
 PSYoungGen      total 348160K, used 347712K [0x00000000d5800000, 0x00000000fff80000, 0x0000000100000000)
  eden space 347648K, 100% used [0x00000000d5800000,0x00000000eab80000,0x00000000eab80000)
  from space 512K, 12% used [0x00000000fff00000,0x00000000fff10000,0x00000000fff80000)
  to   space 512K, 0% used [0x00000000ffe80000,0x00000000ffe80000,0x00000000fff00000)
 ParOldGen       total 86016K, used 17000K [0x0000000080800000, 0x0000000085c00000, 0x00000000d5800000)
  object space 86016K, 19% used [0x0000000080800000,0x000000008189a340,0x0000000085c00000)
 Metaspace       used 43085K, capacity 44132K, committed 44504K, reserved 1087488K
  class space    used 5881K, capacity 6112K, committed 6144K, reserved 1048576K
Event: 289.969 GC heap after
Heap after GC invocations=1049 (full 2):
 PSYoungGen      total 333824K, used 64K [0x00000000d5800000, 0x00000000fff80000, 0x0000000100000000)
  eden space 333312K, 0% used [0x00000000d5800000,0x00000000d5800000,0x00000000e9d80000)
  from space 512K, 12% used [0x00000000ffe80000,0x00000000ffe90000,0x00000000fff00000)
  to   space 512K, 0% used [0x00000000fff00000,0x00000000fff00000,0x00000000fff80000)
 ParOldGen       total 86016K, used 17000K [0x0000000080800000, 0x0000000085c00000, 0x00000000d5800000)
  object space 86016K, 19% used [0x0000000080800000,0x000000008189a340,0x0000000085c00000)
 Metaspace       used 43085K, capacity 44132K, committed 44504K, reserved 1087488K
  class space    used 5881K, capacity 6112K, committed 6144K, reserved 1048576K
}
Event: 290.401 GC heap before
{Heap before GC invocations=1050 (full 2):
 PSYoungGen      total 333824K, used 333376K [0x00000000d5800000, 0x00000000fff80000, 0x0000000100000000)
  eden space 333312K, 100% used [0x00000000d5800000,0x00000000e9d80000,0x00000000e9d80000)
  from space 512K, 12% used [0x00000000ffe80000,0x00000000ffe90000,0x00000000fff00000)
  to   space 512K, 0% used [0x00000000fff00000,0x00000000fff00000,0x00000000fff80000)
 ParOldGen       total 86016K, used 17000K [0x0000000080800000, 0x0000000085c00000, 0x00000000d5800000)
  object space 86016K, 19% used [0x0000000080800000,0x000000008189a340,0x0000000085c00000)
 Metaspace       used 43085K, capacity 44132K, committed 44504K, reserved 1087488K
  class space    used 5881K, capacity 6112K, committed 6144K, reserved 1048576K
Event: 290.402 GC heap after
Heap after GC invocations=1050 (full 2):
 PSYoungGen      total 320000K, used 96K [0x00000000d5800000, 0x00000000fff80000, 0x0000000100000000)
  eden space 319488K, 0% used [0x00000000d5800000,0x00000000d5800000,0x00000000e9000000)
  from space 512K, 18% used [0x00000000fff00000,0x00000000fff18000,0x00000000fff80000)
  to   space 512K, 0% used [0x00000000ffe80000,0x00000000ffe80000,0x00000000fff00000)
 ParOldGen       total 86016K, used 17000K [0x0000000080800000, 0x0000000085c00000, 0x00000000d5800000)
  object space 86016K, 19% used [0x0000000080800000,0x000000008189a340,0x0000000085c00000)
 Metaspace       used 43085K, capacity 44132K, committed 44504K, reserved 1087488K
  class space    used 5881K, capacity 6112K, committed 6144K, reserved 1048576K
}
Event: 290.829 GC heap before
{Heap before GC invocations=1051 (full 2):
 PSYoungGen      total 320000K, used 319584K [0x00000000d5800000, 0x00000000fff80000, 0x0000000100000000)
  eden space 319488K, 100% used [0x00000000d5800000,0x00000000e9000000,0x00000000e9000000)
  from space 512K, 18% used [0x00000000fff00000,0x00000000fff18000,0x00000000fff80000)
  to   space 512K, 0% used [0x00000000ffe80000,0x00000000ffe80000,0x00000000fff00000)
 ParOldGen       total 86016K, used 17000K [0x0000000080800000, 0x0000000085c00000, 0x00000000d5800000)
  object space 86016K, 19% used [0x0000000080800000,0x000000008189a340,0x0000000085c00000)
 Metaspace       used 43085K, capacity 44132K, committed 44504K, reserved 1087488K
  class space    used 5881K, capacity 6112K, committed 6144K, reserved 1048576K
Event: 290.830 GC heap after
Heap after GC invocations=1051 (full 2):
 PSYoungGen      total 307200K, used 96K [0x00000000d5800000, 0x00000000fff80000, 0x0000000100000000)
  eden space 306688K, 0% used [0x00000000d5800000,0x00000000d5800000,0x00000000e8380000)
  from space 512K, 18% used [0x00000000ffe80000,0x00000000ffe98000,0x00000000fff00000)
  to   space 512K, 0% used [0x00000000fff00000,0x00000000fff00000,0x00000000fff80000)
 ParOldGen       total 86016K, used 17000K [0x0000000080800000, 0x0000000085c00000, 0x00000000d5800000)
  object space 86016K, 19% used [0x0000000080800000,0x000000008189a340,0x0000000085c00000)
 Metaspace       used 43085K, capacity 44132K, committed 44504K, reserved 1087488K
  class space    used 5881K, capacity 6112K, committed 6144K, reserved 1048576K
}
Event: 291.233 GC heap before
{Heap before GC invocations=1052 (full 2):
 PSYoungGen      total 307200K, used 306784K [0x00000000d5800000, 0x00000000fff80000, 0x0000000100000000)
  eden space 306688K, 100% used [0x00000000d5800000,0x00000000e8380000,0x00000000e8380000)
  from space 512K, 18% used [0x00000000ffe80000,0x00000000ffe98000,0x00000000fff00000)
  to   space 512K, 0% used [0x00000000fff00000,0x00000000fff00000,0x00000000fff80000)
 ParOldGen       total 86016K, used 17000K [0x0000000080800000, 0x0000000085c00000, 0x00000000d5800000)
  object space 86016K, 19% used [0x0000000080800000,0x000000008189a340,0x0000000085c00000)
 Metaspace       used 43085K, capacity 44132K, committed 44504K, reserved 1087488K
  class space    used 5881K, capacity 6112K, committed 6144K, reserved 1048576K
Event: 291.234 GC heap after
Heap after GC invocations=1052 (full 2):
 PSYoungGen      total 294912K, used 64K [0x00000000d5800000, 0x00000000fff80000, 0x0000000100000000)
  eden space 294400K, 0% used [0x00000000d5800000,0x00000000d5800000,0x00000000e7780000)
  from space 512K, 12% used [0x00000000fff00000,0x00000000fff10000,0x00000000fff80000)
  to   space 512K, 0% used [0x00000000ffe80000,0x00000000ffe80000,0x00000000fff00000)
 ParOldGen       total 86016K, used 17000K [0x0000000080800000, 0x0000000085c00000, 0x00000000d5800000)
  object space 86016K, 19% used [0x0000000080800000,0x000000008189a340,0x0000000085c00000)
 Metaspace       used 43085K, capacity 44132K, committed 44504K, reserved 1087488K
  class space    used 5881K, capacity 6112K, committed 6144K, reserved 1048576K
}

